<?xml version="1.0" encoding="UTF-8"?>
<testng-results skipped="0" failed="0" total="1" passed="1">
  <reporter-output>
  </reporter-output>
  <suite name="Suite" duration-ms="21132" started-at="2016-07-14T07:24:46Z" finished-at="2016-07-14T07:25:07Z">
    <groups>
      <group name="cucumber">
        <method signature="AbstractTestNGCucumberTests.feature(cucumber.api.testng.CucumberFeatureWrapper)[pri:0, instance:orange.hrm.TestRunner@3d24753a]" name="feature" class="cucumber.api.testng.AbstractTestNGCucumberTests"/>
      </group> <!-- cucumber -->
    </groups>
    <test name="Test" duration-ms="21132" started-at="2016-07-14T07:24:46Z" finished-at="2016-07-14T07:25:07Z">
      <class name="orange.hrm.TestRunner">
        <test-method status="PASS" signature="setUpClass()[pri:0, instance:orange.hrm.TestRunner@3d24753a]" name="setUpClass" is-config="true" duration-ms="533" started-at="2016-07-14T12:54:46Z" finished-at="2016-07-14T12:54:46Z">
          <reporter-output>
          </reporter-output>
        </test-method> <!-- setUpClass -->
        <test-method status="PASS" signature="feature(cucumber.api.testng.CucumberFeatureWrapper)[pri:0, instance:orange.hrm.TestRunner@3d24753a]" name="feature" duration-ms="20307" started-at="2016-07-14T12:54:46Z" description="Runs Cucumber Feature" data-provider="features" finished-at="2016-07-14T12:55:07Z">
          <params>
            <param index="0">
              <value>
                <![CDATA[Login Functionality]]>
              </value>
            </param>
          </params>
          <reporter-output>
          </reporter-output>
        </test-method> <!-- feature -->
        <test-method status="PASS" signature="tearDownClass()[pri:0, instance:orange.hrm.TestRunner@3d24753a]" name="tearDownClass" is-config="true" duration-ms="12" started-at="2016-07-14T12:55:07Z" finished-at="2016-07-14T12:55:07Z">
          <reporter-output>
          </reporter-output>
        </test-method> <!-- tearDownClass -->
      </class> <!-- orange.hrm.TestRunner -->
    </test> <!-- Test -->
  </suite> <!-- Suite -->
</testng-results>
